<?xml version="1.0" encoding="UTF-8"?>
<coverage generated="1687508302255" clover="3.2.0">
  <project timestamp="1687508302256" name="All files">
    <metrics statements="23" coveredstatements="16" conditionals="13" coveredconditionals="3" methods="11" coveredmethods="7" elements="47" coveredelements="26" complexity="0" loc="23" ncloc="23" packages="1" files="2" classes="2"/>
    <file name="task.js" path="D:\microverse\Module 02\To-Do-List-Testing\src\modules\task.js">
      <metrics statements="2" coveredstatements="2" conditionals="1" coveredconditionals="1" methods="1" coveredmethods="1"/>
      <line num="3" count="14" type="stmt"/>
      <line num="4" count="14" type="stmt"/>
    </file>
    <file name="taskList.js" path="D:\microverse\Module 02\To-Do-List-Testing\src\modules\taskList.js">
      <metrics statements="21" coveredstatements="14" conditionals="12" coveredconditionals="2" methods="10" coveredmethods="6"/>
      <line num="5" count="6" type="stmt"/>
      <line num="6" count="6" type="cond" truecount="1" falsecount="1"/>
      <line num="10" count="20" type="stmt"/>
      <line num="14" count="14" type="cond" truecount="1" falsecount="1"/>
      <line num="15" count="14" type="stmt"/>
      <line num="16" count="14" type="stmt"/>
      <line num="17" count="14" type="stmt"/>
      <line num="18" count="14" type="stmt"/>
      <line num="23" count="6" type="stmt"/>
      <line num="24" count="6" type="stmt"/>
      <line num="25" count="6" type="stmt"/>
      <line num="29" count="20" type="stmt"/>
      <line num="30" count="34" type="stmt"/>
      <line num="35" count="0" type="cond" truecount="0" falsecount="4"/>
      <line num="36" count="0" type="stmt"/>
      <line num="37" count="0" type="stmt"/>
      <line num="42" count="0" type="cond" truecount="0" falsecount="4"/>
      <line num="43" count="0" type="stmt"/>
      <line num="44" count="0" type="stmt"/>
      <line num="49" count="0" type="stmt"/>
      <line num="53" count="1" type="stmt"/>
    </file>
  </project>
</coverage>
