<?xml version="1.0" encoding="UTF-8"?>
<coverage generated="1687436769552" clover="3.2.0">
  <project timestamp="1687436769553" name="All files">
    <metrics statements="23" coveredstatements="23" conditionals="13" coveredconditionals="10" methods="11" coveredmethods="11" elements="47" coveredelements="44" complexity="0" loc="23" ncloc="23" packages="1" files="2" classes="2"/>
    <file name="task.js" path="/Users/faresaljuaifari/Desktop/mecroverse-dev/my-list/To-Do-List-Testing/src/modules/task.js">
      <metrics statements="2" coveredstatements="2" conditionals="1" coveredconditionals="1" methods="1" coveredmethods="1"/>
      <line num="3" count="8" type="stmt"/>
      <line num="4" count="8" type="stmt"/>
    </file>
    <file name="taskList.js" path="/Users/faresaljuaifari/Desktop/mecroverse-dev/my-list/To-Do-List-Testing/src/modules/taskList.js">
      <metrics statements="21" coveredstatements="21" conditionals="12" coveredconditionals="9" methods="10" coveredmethods="10"/>
      <line num="5" count="7" type="stmt"/>
      <line num="6" count="7" type="cond" truecount="2" falsecount="0"/>
      <line num="10" count="14" type="stmt"/>
      <line num="14" count="8" type="cond" truecount="1" falsecount="1"/>
      <line num="15" count="8" type="stmt"/>
      <line num="16" count="8" type="stmt"/>
      <line num="17" count="8" type="stmt"/>
      <line num="18" count="8" type="stmt"/>
      <line num="23" count="2" type="stmt"/>
      <line num="24" count="2" type="stmt"/>
      <line num="25" count="2" type="stmt"/>
      <line num="29" count="10" type="stmt"/>
      <line num="30" count="30" type="stmt"/>
      <line num="35" count="2" type="cond" truecount="3" falsecount="1"/>
      <line num="36" count="2" type="stmt"/>
      <line num="37" count="2" type="stmt"/>
      <line num="42" count="2" type="cond" truecount="3" falsecount="1"/>
      <line num="43" count="2" type="stmt"/>
      <line num="44" count="2" type="stmt"/>
      <line num="49" count="7" type="stmt"/>
      <line num="53" count="1" type="stmt"/>
    </file>
  </project>
</coverage>
