{"/Users/faresaljuaifari/Desktop/mecroverse-dev/my-list/To-Do-List-Testing/src/modules/task.js": {"path":"/Users/faresaljuaifari/Desktop/mecroverse-dev/my-list/To-Do-List-Testing/src/modules/task.js","statementMap":{"0":{"start":{"line":3,"column":4},"end":{"line":3,"column":35}},"1":{"start":{"line":4,"column":4},"end":{"line":4,"column":31}}},"fnMap":{"0":{"name":"(anonymous_0)","decl":{"start":{"line":2,"column":2},"end":{"line":2,"column":3}},"loc":{"start":{"line":2,"column":46},"end":{"line":5,"column":3}},"line":2}},"branchMap":{"0":{"loc":{"start":{"line":2,"column":27},"end":{"line":2,"column":44}},"type":"default-arg","locations":[{"start":{"line":2,"column":39},"end":{"line":2,"column":44}}],"line":2}},"s":{"0":8,"1":8},"f":{"0":8},"b":{"0":[8]},"_coverageSchema":"1a1c01bbd47fc00a2c39e90264f33305004495a9","hash":"ef9f5d0c79eaf29eb416efe066a66501df743676"}
,"/Users/faresaljuaifari/Desktop/mecroverse-dev/my-list/To-Do-List-Testing/src/modules/taskList.js": {"path":"/Users/faresaljuaifari/Desktop/mecroverse-dev/my-list/To-Do-List-Testing/src/modules/taskList.js","statementMap":{"0":{"start":{"line":5,"column":24},"end":{"line":5,"column":53}},"1":{"start":{"line":6,"column":4},"end":{"line":6,"column":60}},"2":{"start":{"line":10,"column":4},"end":{"line":10,"column":62}},"3":{"start":{"line":14,"column":4},"end":{"line":19,"column":5}},"4":{"start":{"line":15,"column":22},"end":{"line":15,"column":43}},"5":{"start":{"line":16,"column":6},"end":{"line":16,"column":31}},"6":{"start":{"line":17,"column":6},"end":{"line":17,"column":27}},"7":{"start":{"line":18,"column":6},"end":{"line":18,"column":23}},"8":{"start":{"line":23,"column":4},"end":{"line":23,"column":32}},"9":{"start":{"line":24,"column":4},"end":{"line":24,"column":25}},"10":{"start":{"line":25,"column":4},"end":{"line":25,"column":21}},"11":{"start":{"line":29,"column":4},"end":{"line":31,"column":7}},"12":{"start":{"line":30,"column":6},"end":{"line":30,"column":27}},"13":{"start":{"line":35,"column":4},"end":{"line":38,"column":5}},"14":{"start":{"line":36,"column":6},"end":{"line":36,"column":65}},"15":{"start":{"line":37,"column":6},"end":{"line":37,"column":23}},"16":{"start":{"line":42,"column":4},"end":{"line":45,"column":5}},"17":{"start":{"line":43,"column":6},"end":{"line":43,"column":53}},"18":{"start":{"line":44,"column":6},"end":{"line":44,"column":23}},"19":{"start":{"line":49,"column":4},"end":{"line":49,"column":62}},"20":{"start":{"line":49,"column":45},"end":{"line":49,"column":60}},"21":{"start":{"line":53,"column":0},"end":{"line":53,"column":26}}},"fnMap":{"0":{"name":"(anonymous_0)","decl":{"start":{"line":4,"column":2},"end":{"line":4,"column":3}},"loc":{"start":{"line":4,"column":16},"end":{"line":7,"column":3}},"line":4},"1":{"name":"(anonymous_1)","decl":{"start":{"line":9,"column":2},"end":{"line":9,"column":3}},"loc":{"start":{"line":9,"column":14},"end":{"line":11,"column":3}},"line":9},"2":{"name":"(anonymous_2)","decl":{"start":{"line":13,"column":2},"end":{"line":13,"column":3}},"loc":{"start":{"line":13,"column":23},"end":{"line":20,"column":3}},"line":13},"3":{"name":"(anonymous_3)","decl":{"start":{"line":22,"column":2},"end":{"line":22,"column":3}},"loc":{"start":{"line":22,"column":20},"end":{"line":26,"column":3}},"line":22},"4":{"name":"(anonymous_4)","decl":{"start":{"line":28,"column":2},"end":{"line":28,"column":3}},"loc":{"start":{"line":28,"column":18},"end":{"line":32,"column":3}},"line":28},"5":{"name":"(anonymous_5)","decl":{"start":{"line":29,"column":23},"end":{"line":29,"column":24}},"loc":{"start":{"line":29,"column":38},"end":{"line":31,"column":5}},"line":29},"6":{"name":"(anonymous_6)","decl":{"start":{"line":34,"column":2},"end":{"line":34,"column":3}},"loc":{"start":{"line":34,"column":24},"end":{"line":39,"column":3}},"line":34},"7":{"name":"(anonymous_7)","decl":{"start":{"line":41,"column":2},"end":{"line":41,"column":3}},"loc":{"start":{"line":41,"column":45},"end":{"line":46,"column":3}},"line":41},"8":{"name":"(anonymous_8)","decl":{"start":{"line":48,"column":2},"end":{"line":48,"column":3}},"loc":{"start":{"line":48,"column":19},"end":{"line":50,"column":3}},"line":48},"9":{"name":"(anonymous_9)","decl":{"start":{"line":49,"column":35},"end":{"line":49,"column":36}},"loc":{"start":{"line":49,"column":45},"end":{"line":49,"column":60}},"line":49}},"branchMap":{"0":{"loc":{"start":{"line":6,"column":17},"end":{"line":6,"column":59}},"type":"cond-expr","locations":[{"start":{"line":6,"column":31},"end":{"line":6,"column":54}},{"start":{"line":6,"column":57},"end":{"line":6,"column":59}}],"line":6},"1":{"loc":{"start":{"line":14,"column":4},"end":{"line":19,"column":5}},"type":"if","locations":[{"start":{"line":14,"column":4},"end":{"line":19,"column":5}},{"start":{},"end":{}}],"line":14},"2":{"loc":{"start":{"line":35,"column":4},"end":{"line":38,"column":5}},"type":"if","locations":[{"start":{"line":35,"column":4},"end":{"line":38,"column":5}},{"start":{},"end":{}}],"line":35},"3":{"loc":{"start":{"line":35,"column":8},"end":{"line":35,"column":47}},"type":"binary-expr","locations":[{"start":{"line":35,"column":8},"end":{"line":35,"column":18}},{"start":{"line":35,"column":22},"end":{"line":35,"column":47}}],"line":35},"4":{"loc":{"start":{"line":42,"column":4},"end":{"line":45,"column":5}},"type":"if","locations":[{"start":{"line":42,"column":4},"end":{"line":45,"column":5}},{"start":{},"end":{}}],"line":42},"5":{"loc":{"start":{"line":42,"column":8},"end":{"line":42,"column":47}},"type":"binary-expr","locations":[{"start":{"line":42,"column":8},"end":{"line":42,"column":18}},{"start":{"line":42,"column":22},"end":{"line":42,"column":47}}],"line":42}},"s":{"0":7,"1":7,"2":14,"3":8,"4":8,"5":8,"6":8,"7":8,"8":2,"9":2,"10":2,"11":10,"12":30,"13":2,"14":2,"15":2,"16":2,"17":2,"18":2,"19":1,"20":7,"21":1},"f":{"0":7,"1":14,"2":8,"3":2,"4":10,"5":30,"6":2,"7":2,"8":1,"9":7},"b":{"0":[6,1],"1":[8,0],"2":[2,0],"3":[2,2],"4":[2,0],"5":[2,2]},"_coverageSchema":"1a1c01bbd47fc00a2c39e90264f33305004495a9","hash":"0ee79b804d4d26b321370c8240c8ea479122be45"}
}
