TN:
SF:src/modules/task.js
FN:2,(anonymous_0)
FNF:1
FNH:1
FNDA:8,(anonymous_0)
DA:3,8
DA:4,8
LF:2
LH:2
BRDA:2,0,0,8
BRF:1
BRH:1
end_of_record
TN:
SF:src/modules/taskList.js
FN:4,(anonymous_0)
FN:9,(anonymous_1)
FN:13,(anonymous_2)
FN:22,(anonymous_3)
FN:28,(anonymous_4)
FN:29,(anonymous_5)
FN:34,(anonymous_6)
FN:41,(anonymous_7)
FN:48,(anonymous_8)
FN:49,(anonymous_9)
FNF:10
FNH:10
FNDA:7,(anonymous_0)
FNDA:14,(anonymous_1)
FNDA:8,(anonymous_2)
FNDA:2,(anonymous_3)
FNDA:10,(anonymous_4)
FNDA:30,(anonymous_5)
FNDA:2,(anonymous_6)
FNDA:2,(anonymous_7)
FNDA:1,(anonymous_8)
FNDA:7,(anonymous_9)
DA:5,7
DA:6,7
DA:10,14
DA:14,8
DA:15,8
DA:16,8
DA:17,8
DA:18,8
DA:23,2
DA:24,2
DA:25,2
DA:29,10
DA:30,30
DA:35,2
DA:36,2
DA:37,2
DA:42,2
DA:43,2
DA:44,2
DA:49,7
DA:53,1
LF:21
LH:21
BRDA:6,0,0,6
BRDA:6,0,1,1
BRDA:14,1,0,8
BRDA:14,1,1,0
BRDA:35,2,0,2
BRDA:35,2,1,0
BRDA:35,3,0,2
BRDA:35,3,1,2
BRDA:42,4,0,2
BRDA:42,4,1,0
BRDA:42,5,0,2
BRDA:42,5,1,2
BRF:12
BRH:9
end_of_record
